/*C14*/SET SCHEMA PUBLIC
DELETE FROM CUSTOMER WHERE ID=2
DELETE FROM ADDRESS WHERE ID=102
INSERT INTO CUSTOMER VALUES(1,'JOSE FARIA',914276732,197672337)
INSERT INTO CUSTOMER VALUES(2,'LUIS SANTOS',964294317,168027852)
INSERT INTO SALE VALUES(1,'2018-02-02',0.0E0,'O',197672337)
INSERT INTO SALE VALUES(2,'2017-04-25',0.0E0,'O',197672337)
INSERT INTO ADDRESS VALUES(100,'FCUL, Campo Grande, Lisboa                                                                          ',197672337)
INSERT INTO ADDRESS VALUES(101,'R. 25 de Abril, 101A, Porto                                                                         ',197672337)
INSERT INTO ADDRESS VALUES(102,'Av Neil Armstrong, Cratera Azul, Lua                                                                ',168027852)
COMMIT
DISCONNECT
/*C13*/SET SCHEMA PUBLIC
INSERT INTO SALEDELIVERY VALUES(5,1,197672337,100)
COMMIT
/*C15*/SET SCHEMA PUBLIC
DELETE FROM CUSTOMER WHERE ID=1
DELETE FROM CUSTOMER WHERE ID=2
DELETE FROM SALE WHERE ID=1
DELETE FROM SALEDELIVERY WHERE ID=5
DELETE FROM SALE WHERE ID=2
DELETE FROM ADDRESS WHERE ID=100
DELETE FROM ADDRESS WHERE ID=101
DELETE FROM ADDRESS WHERE ID=102
INSERT INTO CUSTOMER VALUES(1,'JOSE FARIA',914276732,197672337)
INSERT INTO CUSTOMER VALUES(2,'LUIS SANTOS',964294317,168027852)
INSERT INTO SALE VALUES(1,'2018-02-02',0.0E0,'O',197672337)
INSERT INTO SALE VALUES(2,'2017-04-25',0.0E0,'O',197672337)
INSERT INTO ADDRESS VALUES(100,'FCUL, Campo Grande, Lisboa                                                                          ',197672337)
INSERT INTO ADDRESS VALUES(101,'R. 25 de Abril, 101A, Porto                                                                         ',197672337)
INSERT INTO ADDRESS VALUES(102,'Av Neil Armstrong, Cratera Azul, Lua                                                                ',168027852)
COMMIT
DISCONNECT
/*C16*/SET SCHEMA PUBLIC
DELETE FROM CUSTOMER WHERE ID=1
DELETE FROM CUSTOMER WHERE ID=2
DELETE FROM SALE WHERE ID=1
DELETE FROM SALE WHERE ID=2
DELETE FROM ADDRESS WHERE ID=100
DELETE FROM ADDRESS WHERE ID=101
DELETE FROM ADDRESS WHERE ID=102
INSERT INTO CUSTOMER VALUES(1,'JOSE FARIA',914276732,197672337)
INSERT INTO CUSTOMER VALUES(2,'LUIS SANTOS',964294317,168027852)
INSERT INTO SALE VALUES(1,'2018-02-02',0.0E0,'O',197672337)
INSERT INTO SALE VALUES(2,'2017-04-25',0.0E0,'O',197672337)
INSERT INTO ADDRESS VALUES(100,'FCUL, Campo Grande, Lisboa                                                                          ',197672337)
INSERT INTO ADDRESS VALUES(101,'R. 25 de Abril, 101A, Porto                                                                         ',197672337)
INSERT INTO ADDRESS VALUES(102,'Av Neil Armstrong, Cratera Azul, Lua                                                                ',168027852)
COMMIT
DISCONNECT
/*C13*/DELETE FROM CUSTOMER WHERE ID=1
INSERT INTO CUSTOMER VALUES(1,'JOSE FARIA',987654321,197672337)
COMMIT
/*C17*/SET SCHEMA PUBLIC
DELETE FROM CUSTOMER WHERE ID=1
DELETE FROM CUSTOMER WHERE ID=2
DELETE FROM SALE WHERE ID=1
DELETE FROM SALE WHERE ID=2
DELETE FROM ADDRESS WHERE ID=100
DELETE FROM ADDRESS WHERE ID=101
DELETE FROM ADDRESS WHERE ID=102
INSERT INTO CUSTOMER VALUES(1,'JOSE FARIA',914276732,197672337)
INSERT INTO CUSTOMER VALUES(2,'LUIS SANTOS',964294317,168027852)
INSERT INTO SALE VALUES(1,'2018-02-02',0.0E0,'O',197672337)
INSERT INTO SALE VALUES(2,'2017-04-25',0.0E0,'O',197672337)
INSERT INTO ADDRESS VALUES(100,'FCUL, Campo Grande, Lisboa                                                                          ',197672337)
INSERT INTO ADDRESS VALUES(101,'R. 25 de Abril, 101A, Porto                                                                         ',197672337)
INSERT INTO ADDRESS VALUES(102,'Av Neil Armstrong, Cratera Azul, Lua                                                                ',168027852)
COMMIT
DISCONNECT
/*C13*/DELETE FROM CUSTOMER WHERE ID=1
DELETE FROM SALE WHERE ID=1
DELETE FROM SALE WHERE ID=2
DELETE FROM ADDRESS WHERE ID=100
DELETE FROM ADDRESS WHERE ID=101
COMMIT
DELETE FROM CUSTOMER WHERE ID=2
DELETE FROM ADDRESS WHERE ID=102
COMMIT
/*C18*/SET SCHEMA PUBLIC
INSERT INTO CUSTOMER VALUES(1,'JOSE FARIA',914276732,197672337)
INSERT INTO CUSTOMER VALUES(2,'LUIS SANTOS',964294317,168027852)
INSERT INTO SALE VALUES(1,'2018-02-02',0.0E0,'O',197672337)
INSERT INTO SALE VALUES(2,'2017-04-25',0.0E0,'O',197672337)
INSERT INTO ADDRESS VALUES(100,'FCUL, Campo Grande, Lisboa                                                                          ',197672337)
INSERT INTO ADDRESS VALUES(101,'R. 25 de Abril, 101A, Porto                                                                         ',197672337)
INSERT INTO ADDRESS VALUES(102,'Av Neil Armstrong, Cratera Azul, Lua                                                                ',168027852)
COMMIT
DISCONNECT
/*C13*/DELETE FROM CUSTOMER WHERE ID=1
DELETE FROM SALE WHERE ID=1
DELETE FROM SALE WHERE ID=2
DELETE FROM ADDRESS WHERE ID=100
DELETE FROM ADDRESS WHERE ID=101
COMMIT
INSERT INTO CUSTOMER VALUES(8,'JOSE FARIA',914276732,197672337)
COMMIT
/*C19*/SET SCHEMA PUBLIC
DELETE FROM CUSTOMER WHERE ID=2
DELETE FROM CUSTOMER WHERE ID=8
DELETE FROM ADDRESS WHERE ID=102
INSERT INTO CUSTOMER VALUES(1,'JOSE FARIA',914276732,197672337)
INSERT INTO CUSTOMER VALUES(2,'LUIS SANTOS',964294317,168027852)
INSERT INTO SALE VALUES(1,'2018-02-02',0.0E0,'O',197672337)
INSERT INTO SALE VALUES(2,'2017-04-25',0.0E0,'O',197672337)
INSERT INTO ADDRESS VALUES(100,'FCUL, Campo Grande, Lisboa                                                                          ',197672337)
INSERT INTO ADDRESS VALUES(101,'R. 25 de Abril, 101A, Porto                                                                         ',197672337)
INSERT INTO ADDRESS VALUES(102,'Av Neil Armstrong, Cratera Azul, Lua                                                                ',168027852)
COMMIT
DISCONNECT
/*C13*/DELETE FROM CUSTOMER WHERE ID=1
DELETE FROM SALE WHERE ID=1
DELETE FROM SALE WHERE ID=2
DELETE FROM ADDRESS WHERE ID=100
DELETE FROM ADDRESS WHERE ID=101
COMMIT
/*C20*/SET SCHEMA PUBLIC
DELETE FROM CUSTOMER WHERE ID=2
DELETE FROM ADDRESS WHERE ID=102
INSERT INTO CUSTOMER VALUES(1,'JOSE FARIA',914276732,197672337)
INSERT INTO CUSTOMER VALUES(2,'LUIS SANTOS',964294317,168027852)
INSERT INTO SALE VALUES(1,'2018-02-02',0.0E0,'O',197672337)
INSERT INTO SALE VALUES(2,'2017-04-25',0.0E0,'O',197672337)
INSERT INTO ADDRESS VALUES(100,'FCUL, Campo Grande, Lisboa                                                                          ',197672337)
INSERT INTO ADDRESS VALUES(101,'R. 25 de Abril, 101A, Porto                                                                         ',197672337)
INSERT INTO ADDRESS VALUES(102,'Av Neil Armstrong, Cratera Azul, Lua                                                                ',168027852)
COMMIT
DISCONNECT
/*C13*/INSERT INTO SALE VALUES(7,'2020-06-09',0.0E0,'O',197672337)
COMMIT
/*C21*/SET SCHEMA PUBLIC
DELETE FROM CUSTOMER WHERE ID=1
DELETE FROM CUSTOMER WHERE ID=2
DELETE FROM SALE WHERE ID=1
DELETE FROM SALE WHERE ID=2
DELETE FROM SALE WHERE ID=7
DELETE FROM ADDRESS WHERE ID=100
DELETE FROM ADDRESS WHERE ID=101
DELETE FROM ADDRESS WHERE ID=102
INSERT INTO CUSTOMER VALUES(1,'JOSE FARIA',914276732,197672337)
INSERT INTO CUSTOMER VALUES(2,'LUIS SANTOS',964294317,168027852)
INSERT INTO SALE VALUES(1,'2018-02-02',0.0E0,'O',197672337)
INSERT INTO SALE VALUES(2,'2017-04-25',0.0E0,'O',197672337)
INSERT INTO ADDRESS VALUES(100,'FCUL, Campo Grande, Lisboa                                                                          ',197672337)
INSERT INTO ADDRESS VALUES(101,'R. 25 de Abril, 101A, Porto                                                                         ',197672337)
INSERT INTO ADDRESS VALUES(102,'Av Neil Armstrong, Cratera Azul, Lua                                                                ',168027852)
COMMIT
DISCONNECT
/*C13*/DELETE FROM SALE WHERE ID=1
INSERT INTO SALE VALUES(1,'2018-02-02',0.0E0,'C',197672337)
COMMIT
DELETE FROM SALE WHERE ID=1
INSERT INTO SALE VALUES(1,'2018-02-02',0.0E0,'C',197672337)
COMMIT
/*C22*/SET SCHEMA PUBLIC
DELETE FROM CUSTOMER WHERE ID=1
DELETE FROM CUSTOMER WHERE ID=2
DELETE FROM SALE WHERE ID=2
DELETE FROM SALE WHERE ID=1
DELETE FROM ADDRESS WHERE ID=100
DELETE FROM ADDRESS WHERE ID=101
DELETE FROM ADDRESS WHERE ID=102
INSERT INTO CUSTOMER VALUES(1,'JOSE FARIA',914276732,197672337)
INSERT INTO CUSTOMER VALUES(2,'LUIS SANTOS',964294317,168027852)
INSERT INTO SALE VALUES(1,'2018-02-02',0.0E0,'O',197672337)
INSERT INTO SALE VALUES(2,'2017-04-25',0.0E0,'O',197672337)
INSERT INTO ADDRESS VALUES(100,'FCUL, Campo Grande, Lisboa                                                                          ',197672337)
INSERT INTO ADDRESS VALUES(101,'R. 25 de Abril, 101A, Porto                                                                         ',197672337)
INSERT INTO ADDRESS VALUES(102,'Av Neil Armstrong, Cratera Azul, Lua                                                                ',168027852)
COMMIT
DISCONNECT
/*C13*/INSERT INTO SALE VALUES(8,'2020-06-09',0.0E0,'O',197672337)
COMMIT
/*C23*/SET SCHEMA PUBLIC
DELETE FROM CUSTOMER WHERE ID=1
DELETE FROM CUSTOMER WHERE ID=2
DELETE FROM SALE WHERE ID=1
DELETE FROM SALE WHERE ID=2
DELETE FROM SALE WHERE ID=8
DELETE FROM ADDRESS WHERE ID=100
DELETE FROM ADDRESS WHERE ID=101
DELETE FROM ADDRESS WHERE ID=102
INSERT INTO CUSTOMER VALUES(1,'JOSE FARIA',914276732,197672337)
INSERT INTO CUSTOMER VALUES(2,'LUIS SANTOS',964294317,168027852)
INSERT INTO SALE VALUES(1,'2018-02-02',0.0E0,'O',197672337)
INSERT INTO SALE VALUES(2,'2017-04-25',0.0E0,'O',197672337)
INSERT INTO ADDRESS VALUES(100,'FCUL, Campo Grande, Lisboa                                                                          ',197672337)
INSERT INTO ADDRESS VALUES(101,'R. 25 de Abril, 101A, Porto                                                                         ',197672337)
INSERT INTO ADDRESS VALUES(102,'Av Neil Armstrong, Cratera Azul, Lua                                                                ',168027852)
COMMIT
DISCONNECT
/*C13*/INSERT INTO SALEDELIVERY VALUES(6,1,197672337,100)
COMMIT
DELETE FROM CUSTOMER WHERE ID=1
DELETE FROM SALE WHERE ID=1
DELETE FROM SALEDELIVERY WHERE ID=6
DELETE FROM SALE WHERE ID=2
DELETE FROM ADDRESS WHERE ID=100
DELETE FROM ADDRESS WHERE ID=101
COMMIT
